{"content": {"suites": {"0": {"status": {"total_pass": 0, "total_skip": 4, "total_xpass": 0, "total_xfail": 0, "total_rerun": 0, "total_fail": 0, "total_error": 0}, "tests": {"0": {"status": "SKIP", "message": "('/home/kamros/Desktop/kam-GL-TalentEngine/tests/test_fixtures.py', 10, 'Skipped: temporary disabled')\n", "test_name": "test_check_base_url", "rerun": "0"}, "1": {"status": "SKIP", "message": "('/home/kamros/Desktop/kam-GL-TalentEngine/tests/test_fixtures.py', 13, 'Skipped: temporary disabled')\n", "test_name": "test_check_user[John-Smith-J.Smith]", "rerun": "0"}, "2": {"status": "SKIP", "message": "('/home/kamros/Desktop/kam-GL-TalentEngine/tests/test_fixtures.py', 13, 'Skipped: temporary disabled')\n", "test_name": "test_check_user[Eve-Json-E.Json]", "rerun": "0"}, "3": {"status": "SKIP", "message": "('/home/kamros/Desktop/kam-GL-TalentEngine/tests/test_fixtures.py', 22, 'Skipped: temporary disabled')\n", "test_name": "test_password_generator[John-Smith-J.Smith]", "rerun": "0"}}, "suite_name": "tests/test_fixtures.py"}, "1": {"suite_name": "tests/test_trello_api.py", "tests": {"0": {"status": "PASS", "message": "", "test_name": "test_check_status_code", "rerun": "0"}, "1": {"status": "PASS", "message": "", "test_name": "test_check_headers[Content-Type-application/json; charset=utf-8]", "rerun": "0"}, "2": {"status": "PASS", "message": "", "test_name": "test_check_headers[Content-Encoding-gzip]", "rerun": "0"}, "3": {"status": "PASS", "message": "", "test_name": "test_get_board", "rerun": "0"}, "4": {"status": "PASS", "message": "", "test_name": "test_create_new_list", "rerun": "0"}}, "status": {"total_pass": 5, "total_skip": 0, "total_xpass": 0, "total_xfail": 0, "total_rerun": 0, "total_fail": 0, "total_error": 0}}, "2": {"suite_name": "tests/github/test_forgot_password_page.py", "tests": {"0": {"status": "PASS", "message": "", "test_name": "test_send_button", "rerun": "0"}}, "status": {"total_pass": 1, "total_skip": 0, "total_xpass": 0, "total_xfail": 0, "total_rerun": 0, "total_fail": 0, "total_error": 0}}, "3": {"suite_name": "tests/github/test_headers_page.py", "tests": {"0": {"status": "FAIL", "message": "   selenium.common.exceptions.TimeoutException: Message: Element not found\n   Stacktrace:\n   #0 0x55a5a94a4463 <unknown>\n   #1 0x55a5a92688d8 <unknown>\n   #2 0x55a5a92a643a <unknown>\n   #3 0x55a5a92a6651 <unknown>\n   #4 0x55a5a92e27a4 <unknown>\n   #5 0x55a5a92c764d <unknown>\n   #6 0x55a5a92e030f <unknown>\n   #7 0x55a5a92c7443 <unknown>\n   #8 0x55a5a92983c5 <unknown>\n   #9 0x55a5a9299531 <unknown>\n   #10 0x55a5a94f6dce <unknown>\n   #11 0x55a5a94fa192 <unknown>\n   #12 0x55a5a94db93e <unknown>\n   #13 0x55a5a94fb103 <unknown>\n   #14 0x55a5a94ced85 <unknown>\n   #15 0x55a5a951c0a8 <unknown>\n   #16 0x55a5a951c239 <unknown>\n   #17 0x55a5a9537492 <unknown>\n   #18 0x7f7d93a23609 start_thread\n", "test_name": "test_github_icon", "rerun": "0"}, "1": {"status": "FAIL", "message": "   selenium.common.exceptions.TimeoutException: Message: Element not found\n   Stacktrace:\n   #0 0x55cd04299463 <unknown>\n   #1 0x55cd0405d8d8 <unknown>\n   #2 0x55cd0409b43a <unknown>\n   #3 0x55cd0409b651 <unknown>\n   #4 0x55cd040d77a4 <unknown>\n   #5 0x55cd040bc64d <unknown>\n   #6 0x55cd040d530f <unknown>\n   #7 0x55cd040bc443 <unknown>\n   #8 0x55cd0408d3c5 <unknown>\n   #9 0x55cd0408e531 <unknown>\n   #10 0x55cd042ebdce <unknown>\n   #11 0x55cd042ef192 <unknown>\n   #12 0x55cd042d093e <unknown>\n   #13 0x55cd042f0103 <unknown>\n   #14 0x55cd042c3d85 <unknown>\n   #15 0x55cd043110a8 <unknown>\n   #16 0x55cd04311239 <unknown>\n   #17 0x55cd0432c492 <unknown>\n   #18 0x7f7fc7f46609 start_thread\n", "test_name": "test_logout", "rerun": "0"}}, "status": {"total_pass": 0, "total_skip": 0, "total_xpass": 0, "total_xfail": 0, "total_rerun": 0, "total_fail": 2, "total_error": 0}}, "4": {"suite_name": "tests/github/test_home_page.py", "tests": {"0": {"status": "PASS", "message": "", "test_name": "test_sign_in_redirect", "rerun": "0"}, "1": {"status": "PASS", "message": "", "test_name": "test_sing_up_redirect", "rerun": "0"}}, "status": {"total_pass": 2, "total_skip": 0, "total_xpass": 0, "total_xfail": 0, "total_rerun": 0, "total_fail": 0, "total_error": 0}}, "5": {"suite_name": "tests/github/test_login_page.py", "tests": {"0": {"status": "FAIL", "message": "   AssertionError: assert 'GitHub \u00b7 Whe...ware is built' == 'GitHub'\n     - GitHub\n     + GitHub \u00b7 Where software is built\n", "test_name": "test_login_positive", "rerun": "0"}, "1": {"status": "PASS", "message": "", "test_name": "test_login_negative", "rerun": "0"}, "2": {"status": "PASS", "message": "", "test_name": "test_forgot_password_redirect", "rerun": "0"}}, "status": {"total_pass": 2, "total_skip": 0, "total_xpass": 0, "total_xfail": 0, "total_rerun": 0, "total_fail": 1, "total_error": 0}}}}, "date": "December 01, 2022", "start_time": 1669880811.0817862, "total_suite": 6, "status": "FAIL", "status_list": {"pass": "10", "fail": "3", "skip": "4", "error": "0", "xpass": "0", "xfail": "0", "rerun": "0"}, "total_tests": "17"}