<!DOCTYPE html>
<html>
  <head>
    <meta charset="utf-8"/>
    <title>report.html</title>
    <style>body {
  font-family: Helvetica, Arial, sans-serif;
  font-size: 12px;
  /* do not increase min-width as some may use split screens */
  min-width: 800px;
  color: #999;
}

h1 {
  font-size: 24px;
  color: black;
}

h2 {
  font-size: 16px;
  color: black;
}

p {
  color: black;
}

a {
  color: #999;
}

table {
  border-collapse: collapse;
}

/******************************
 * SUMMARY INFORMATION
 ******************************/
#environment td {
  padding: 5px;
  border: 1px solid #E6E6E6;
}
#environment tr:nth-child(odd) {
  background-color: #f6f6f6;
}

/******************************
 * TEST RESULT COLORS
 ******************************/
span.passed,
.passed .col-result {
  color: green;
}

span.skipped,
span.xfailed,
span.rerun,
.skipped .col-result,
.xfailed .col-result,
.rerun .col-result {
  color: orange;
}

span.error,
span.failed,
span.xpassed,
.error .col-result,
.failed .col-result,
.xpassed .col-result {
  color: red;
}

/******************************
 * RESULTS TABLE
 *
 * 1. Table Layout
 * 2. Extra
 * 3. Sorting items
 *
 ******************************/
/*------------------
 * 1. Table Layout
 *------------------*/
#results-table {
  border: 1px solid #e6e6e6;
  color: #999;
  font-size: 12px;
  width: 100%;
}
#results-table th,
#results-table td {
  padding: 5px;
  border: 1px solid #E6E6E6;
  text-align: left;
}
#results-table th {
  font-weight: bold;
}

/*------------------
 * 2. Extra
 *------------------*/
.log {
  background-color: #e6e6e6;
  border: 1px solid #e6e6e6;
  color: black;
  display: block;
  font-family: "Courier New", Courier, monospace;
  height: 230px;
  overflow-y: scroll;
  padding: 5px;
  white-space: pre-wrap;
}
.log:only-child {
  height: inherit;
}

div.image {
  border: 1px solid #e6e6e6;
  float: right;
  height: 240px;
  margin-left: 5px;
  overflow: hidden;
  width: 320px;
}
div.image img {
  width: 320px;
}

div.video {
  border: 1px solid #e6e6e6;
  float: right;
  height: 240px;
  margin-left: 5px;
  overflow: hidden;
  width: 320px;
}
div.video video {
  overflow: hidden;
  width: 320px;
  height: 240px;
}

.collapsed {
  display: none;
}

.expander::after {
  content: " (show details)";
  color: #BBB;
  font-style: italic;
  cursor: pointer;
}

.collapser::after {
  content: " (hide details)";
  color: #BBB;
  font-style: italic;
  cursor: pointer;
}

/*------------------
 * 3. Sorting items
 *------------------*/
.sortable {
  cursor: pointer;
}

.sort-icon {
  font-size: 0px;
  float: left;
  margin-right: 5px;
  margin-top: 5px;
  /*triangle*/
  width: 0;
  height: 0;
  border-left: 8px solid transparent;
  border-right: 8px solid transparent;
}
.inactive .sort-icon {
  /*finish triangle*/
  border-top: 8px solid #E6E6E6;
}
.asc.active .sort-icon {
  /*finish triangle*/
  border-bottom: 8px solid #999;
}
.desc.active .sort-icon {
  /*finish triangle*/
  border-top: 8px solid #999;
}
</style></head>
  <body onLoad="init()">
    <script>/* This Source Code Form is subject to the terms of the Mozilla Public
 * License, v. 2.0. If a copy of the MPL was not distributed with this file,
 * You can obtain one at http://mozilla.org/MPL/2.0/. */


function toArray(iter) {
    if (iter === null) {
        return null;
    }
    return Array.prototype.slice.call(iter);
}

function find(selector, elem) { // eslint-disable-line no-redeclare
    if (!elem) {
        elem = document;
    }
    return elem.querySelector(selector);
}

function findAll(selector, elem) {
    if (!elem) {
        elem = document;
    }
    return toArray(elem.querySelectorAll(selector));
}

function sortColumn(elem) {
    toggleSortStates(elem);
    const colIndex = toArray(elem.parentNode.childNodes).indexOf(elem);
    let key;
    if (elem.classList.contains('result')) {
        key = keyResult;
    } else if (elem.classList.contains('links')) {
        key = keyLink;
    } else {
        key = keyAlpha;
    }
    sortTable(elem, key(colIndex));
}

function showAllExtras() { // eslint-disable-line no-unused-vars
    findAll('.col-result').forEach(showExtras);
}

function hideAllExtras() { // eslint-disable-line no-unused-vars
    findAll('.col-result').forEach(hideExtras);
}

function showExtras(colresultElem) {
    const extras = colresultElem.parentNode.nextElementSibling;
    const expandcollapse = colresultElem.firstElementChild;
    extras.classList.remove('collapsed');
    expandcollapse.classList.remove('expander');
    expandcollapse.classList.add('collapser');
}

function hideExtras(colresultElem) {
    const extras = colresultElem.parentNode.nextElementSibling;
    const expandcollapse = colresultElem.firstElementChild;
    extras.classList.add('collapsed');
    expandcollapse.classList.remove('collapser');
    expandcollapse.classList.add('expander');
}

function showFilters() {
    let visibleString = getQueryParameter('visible') || 'all';
    visibleString = visibleString.toLowerCase();
    const checkedItems = visibleString.split(',');

    const filterItems = document.getElementsByClassName('filter');
    for (let i = 0; i < filterItems.length; i++) {
        filterItems[i].hidden = false;

        if (visibleString != 'all') {
            filterItems[i].checked = checkedItems.includes(filterItems[i].getAttribute('data-test-result'));
            filterTable(filterItems[i]);
        }
    }
}

function addCollapse() {
    // Add links for show/hide all
    const resulttable = find('table#results-table');
    const showhideall = document.createElement('p');
    showhideall.innerHTML = '<a href="javascript:showAllExtras()">Show all details</a> / ' +
                            '<a href="javascript:hideAllExtras()">Hide all details</a>';
    resulttable.parentElement.insertBefore(showhideall, resulttable);

    // Add show/hide link to each result
    findAll('.col-result').forEach(function(elem) {
        const collapsed = getQueryParameter('collapsed') || 'Passed';
        const extras = elem.parentNode.nextElementSibling;
        const expandcollapse = document.createElement('span');
        if (extras.classList.contains('collapsed')) {
            expandcollapse.classList.add('expander');
        } else if (collapsed.includes(elem.innerHTML)) {
            extras.classList.add('collapsed');
            expandcollapse.classList.add('expander');
        } else {
            expandcollapse.classList.add('collapser');
        }
        elem.appendChild(expandcollapse);

        elem.addEventListener('click', function(event) {
            if (event.currentTarget.parentNode.nextElementSibling.classList.contains('collapsed')) {
                showExtras(event.currentTarget);
            } else {
                hideExtras(event.currentTarget);
            }
        });
    });
}

function getQueryParameter(name) {
    const match = RegExp('[?&]' + name + '=([^&]*)').exec(window.location.search);
    return match && decodeURIComponent(match[1].replace(/\+/g, ' '));
}

function init () { // eslint-disable-line no-unused-vars
    resetSortHeaders();

    addCollapse();

    showFilters();

    sortColumn(find('.initial-sort'));

    findAll('.sortable').forEach(function(elem) {
        elem.addEventListener('click',
            function() {
                sortColumn(elem);
            }, false);
    });
}

function sortTable(clicked, keyFunc) {
    const rows = findAll('.results-table-row');
    const reversed = !clicked.classList.contains('asc');
    const sortedRows = sort(rows, keyFunc, reversed);
    /* Whole table is removed here because browsers acts much slower
     * when appending existing elements.
     */
    const thead = document.getElementById('results-table-head');
    document.getElementById('results-table').remove();
    const parent = document.createElement('table');
    parent.id = 'results-table';
    parent.appendChild(thead);
    sortedRows.forEach(function(elem) {
        parent.appendChild(elem);
    });
    document.getElementsByTagName('BODY')[0].appendChild(parent);
}

function sort(items, keyFunc, reversed) {
    const sortArray = items.map(function(item, i) {
        return [keyFunc(item), i];
    });

    sortArray.sort(function(a, b) {
        const keyA = a[0];
        const keyB = b[0];

        if (keyA == keyB) return 0;

        if (reversed) {
            return keyA < keyB ? 1 : -1;
        } else {
            return keyA > keyB ? 1 : -1;
        }
    });

    return sortArray.map(function(item) {
        const index = item[1];
        return items[index];
    });
}

function keyAlpha(colIndex) {
    return function(elem) {
        return elem.childNodes[1].childNodes[colIndex].firstChild.data.toLowerCase();
    };
}

function keyLink(colIndex) {
    return function(elem) {
        const dataCell = elem.childNodes[1].childNodes[colIndex].firstChild;
        return dataCell == null ? '' : dataCell.innerText.toLowerCase();
    };
}

function keyResult(colIndex) {
    return function(elem) {
        const strings = ['Error', 'Failed', 'Rerun', 'XFailed', 'XPassed',
            'Skipped', 'Passed'];
        return strings.indexOf(elem.childNodes[1].childNodes[colIndex].firstChild.data);
    };
}

function resetSortHeaders() {
    findAll('.sort-icon').forEach(function(elem) {
        elem.parentNode.removeChild(elem);
    });
    findAll('.sortable').forEach(function(elem) {
        const icon = document.createElement('div');
        icon.className = 'sort-icon';
        icon.textContent = 'vvv';
        elem.insertBefore(icon, elem.firstChild);
        elem.classList.remove('desc', 'active');
        elem.classList.add('asc', 'inactive');
    });
}

function toggleSortStates(elem) {
    //if active, toggle between asc and desc
    if (elem.classList.contains('active')) {
        elem.classList.toggle('asc');
        elem.classList.toggle('desc');
    }

    //if inactive, reset all other functions and add ascending active
    if (elem.classList.contains('inactive')) {
        resetSortHeaders();
        elem.classList.remove('inactive');
        elem.classList.add('active');
    }
}

function isAllRowsHidden(value) {
    return value.hidden == false;
}

function filterTable(elem) { // eslint-disable-line no-unused-vars
    const outcomeAtt = 'data-test-result';
    const outcome = elem.getAttribute(outcomeAtt);
    const classOutcome = outcome + ' results-table-row';
    const outcomeRows = document.getElementsByClassName(classOutcome);

    for(let i = 0; i < outcomeRows.length; i++){
        outcomeRows[i].hidden = !elem.checked;
    }

    const rows = findAll('.results-table-row').filter(isAllRowsHidden);
    const allRowsHidden = rows.length == 0 ? true : false;
    const notFoundMessage = document.getElementById('not-found-message');
    notFoundMessage.hidden = !allRowsHidden;
}
</script>
    <h1>report.html</h1>
    <p>Report generated on 30-Nov-2022 at 15:02:57 by <a href="https://pypi.python.org/pypi/pytest-html">pytest-html</a> v3.2.0</p>
    <h2>Environment</h2>
    <table id="environment">
      <tr>
        <td>Packages</td>
        <td>{"pluggy": "1.0.0", "pytest": "7.2.0"}</td></tr>
      <tr>
        <td>Platform</td>
        <td>Linux-5.15.0-53-generic-x86_64-with-glibc2.28</td></tr>
      <tr>
        <td>Plugins</td>
        <td>{"html": "3.2.0", "metadata": "2.0.4", "xdist": "3.0.2"}</td></tr>
      <tr>
        <td>Python</td>
        <td>3.11.0</td></tr></table>
    <h2>Summary</h2>
    <p>5 tests ran in 14.24 seconds. </p>
    <p class="filter" hidden="true">(Un)check the boxes to filter the results.</p><input checked="true" class="filter" data-test-result="passed" hidden="true" name="filter_checkbox" onChange="filterTable(this)" type="checkbox"/><span class="passed">5 passed</span>, <input checked="true" class="filter" data-test-result="skipped" hidden="true" name="filter_checkbox" onChange="filterTable(this)" type="checkbox"/><span class="skipped">4 skipped</span>, <input checked="true" class="filter" data-test-result="failed" disabled="true" hidden="true" name="filter_checkbox" onChange="filterTable(this)" type="checkbox"/><span class="failed">0 failed</span>, <input checked="true" class="filter" data-test-result="error" hidden="true" name="filter_checkbox" onChange="filterTable(this)" type="checkbox"/><span class="error">8 errors</span>, <input checked="true" class="filter" data-test-result="xfailed" disabled="true" hidden="true" name="filter_checkbox" onChange="filterTable(this)" type="checkbox"/><span class="xfailed">0 expected failures</span>, <input checked="true" class="filter" data-test-result="xpassed" disabled="true" hidden="true" name="filter_checkbox" onChange="filterTable(this)" type="checkbox"/><span class="xpassed">0 unexpected passes</span>
    <h2>Results</h2>
    <table id="results-table">
      <thead id="results-table-head">
        <tr>
          <th class="sortable result initial-sort" col="result">Result</th>
          <th class="sortable" col="name">Test</th>
          <th class="sortable" col="duration">Duration</th>
          <th class="sortable links" col="links">Links</th></tr>
        <tr hidden="true" id="not-found-message">
          <th colspan="4">No results found. Try to check the filters</th></tr></thead>
      <tbody class="error results-table-row">
        <tr>
          <td class="col-result">Error</td>
          <td class="col-name">tests/github/test_forgot_password_page.py::TestsForgotPasswordPage::test_send_button::setup</td>
          <td class="col-duration">1.53</td>
          <td class="col-links"></td></tr>
        <tr>
          <td class="extra" colspan="4">
            <div class="log">request = &lt;SubRequest &#x27;browser_webdriver&#x27; for &lt;Function test_send_button&gt;&gt;<br/><br/>    @fixture(scope=&quot;function&quot;)<br/>    def browser_webdriver(request):<br/>        browser = request.config.getoption(&quot;--browser&quot;)<br/>&gt;       driver = DriverProvider.get_driver(browser)<br/><br/>conftest.py:67: <br/>_ _ _ _ _ _ _ _ _ _ _ _ _ _ _ _ _ _ _ _ _ _ _ _ _ _ _ _ _ _ _ _ _ _ _ _ _ _ _ _ <br/>src/providers/driver_provider/driver_provider.py:20: in get_driver<br/>    return cls.MAPPER.get(browser).get_driver()<br/>src/providers/driver_provider/library/chrome_browser.py:15: in get_driver<br/>    driver = webdriver.Chrome(service=service_obj, options=cls.options)<br/>/usr/local/lib/python3.11/site-packages/selenium/webdriver/chrome/webdriver.py:81: in __init__<br/>    super().__init__(<br/>/usr/local/lib/python3.11/site-packages/selenium/webdriver/chromium/webdriver.py:103: in __init__<br/>    self.service.start()<br/>/usr/local/lib/python3.11/site-packages/selenium/webdriver/common/service.py:106: in start<br/>    self.assert_process_still_running()<br/>_ _ _ _ _ _ _ _ _ _ _ _ _ _ _ _ _ _ _ _ _ _ _ _ _ _ _ _ _ _ _ _ _ _ _ _ _ _ _ _ <br/><br/>self = &lt;selenium.webdriver.chrome.service.Service object at 0x7f3475bac490&gt;<br/><br/>    def assert_process_still_running(self) -&gt; None:<br/>        &quot;&quot;&quot;Check if the underlying process is still running.&quot;&quot;&quot;<br/>        return_code = self.process.poll()<br/>        if return_code:<br/>&gt;           raise WebDriverException(f&quot;Service {self.path} unexpectedly exited. Status code was: {return_code}&quot;)<br/><span class="error">E           selenium.common.exceptions.WebDriverException: Message: Service /root/.wdm/drivers/chromedriver/linux64/108.0.5359/chromedriver unexpectedly exited. Status code was: 127</span><br/><br/>/usr/local/lib/python3.11/site-packages/selenium/webdriver/common/service.py:119: WebDriverException<br/> -----------------------------Captured stdout setup------------------------------ <br/>Configuration added
<br/> -----------------------------Captured stderr setup------------------------------ <br/>[WDM] - Downloading:   0%|          | 0.00/6.96M [00:00&lt;?, ?B/s][WDM] - Downloading:  10%|█         | 720k/6.96M [00:00&lt;00:00, 7.37MB/s][WDM] - Downloading:  22%|██▏       | 1.55M/6.96M [00:00&lt;00:00, 8.28MB/s][WDM] - Downloading:  35%|███▍      | 2.41M/6.96M [00:00&lt;00:00, 8.54MB/s][WDM] - Downloading:  49%|████▉     | 3.43M/6.96M [00:00&lt;00:00, 9.28MB/s][WDM] - Downloading:  65%|██████▌   | 4.52M/6.96M [00:00&lt;00:00, 9.96MB/s][WDM] - Downloading:  80%|███████▉  | 5.54M/6.96M [00:00&lt;00:00, 10.2MB/s][WDM] - Downloading:  95%|█████████▍| 6.60M/6.96M [00:00&lt;00:00, 10.3MB/s][WDM] - Downloading: 100%|██████████| 6.96M/6.96M [00:00&lt;00:00, 9.23MB/s]
<br/></div></td></tr></tbody>
      <tbody class="error results-table-row">
        <tr>
          <td class="col-result">Error</td>
          <td class="col-name">tests/github/test_headers_page.py::TestsHeadersdPage::test_github_icon::setup</td>
          <td class="col-duration">0.59</td>
          <td class="col-links"></td></tr>
        <tr>
          <td class="extra" colspan="4">
            <div class="log">request = &lt;SubRequest &#x27;browser_webdriver&#x27; for &lt;Function test_github_icon&gt;&gt;<br/><br/>    @fixture(scope=&quot;function&quot;)<br/>    def browser_webdriver(request):<br/>        browser = request.config.getoption(&quot;--browser&quot;)<br/>&gt;       driver = DriverProvider.get_driver(browser)<br/><br/>conftest.py:67: <br/>_ _ _ _ _ _ _ _ _ _ _ _ _ _ _ _ _ _ _ _ _ _ _ _ _ _ _ _ _ _ _ _ _ _ _ _ _ _ _ _ <br/>src/providers/driver_provider/driver_provider.py:20: in get_driver<br/>    return cls.MAPPER.get(browser).get_driver()<br/>src/providers/driver_provider/library/chrome_browser.py:15: in get_driver<br/>    driver = webdriver.Chrome(service=service_obj, options=cls.options)<br/>/usr/local/lib/python3.11/site-packages/selenium/webdriver/chrome/webdriver.py:81: in __init__<br/>    super().__init__(<br/>/usr/local/lib/python3.11/site-packages/selenium/webdriver/chromium/webdriver.py:103: in __init__<br/>    self.service.start()<br/>/usr/local/lib/python3.11/site-packages/selenium/webdriver/common/service.py:106: in start<br/>    self.assert_process_still_running()<br/>_ _ _ _ _ _ _ _ _ _ _ _ _ _ _ _ _ _ _ _ _ _ _ _ _ _ _ _ _ _ _ _ _ _ _ _ _ _ _ _ <br/><br/>self = &lt;selenium.webdriver.chrome.service.Service object at 0x7f3475ff1550&gt;<br/><br/>    def assert_process_still_running(self) -&gt; None:<br/>        &quot;&quot;&quot;Check if the underlying process is still running.&quot;&quot;&quot;<br/>        return_code = self.process.poll()<br/>        if return_code:<br/>&gt;           raise WebDriverException(f&quot;Service {self.path} unexpectedly exited. Status code was: {return_code}&quot;)<br/><span class="error">E           selenium.common.exceptions.WebDriverException: Message: Service /root/.wdm/drivers/chromedriver/linux64/108.0.5359/chromedriver unexpectedly exited. Status code was: 127</span><br/><br/>/usr/local/lib/python3.11/site-packages/selenium/webdriver/common/service.py:119: WebDriverException<br/> -----------------------------Captured stdout setup------------------------------ <br/>Configuration added
<br/></div></td></tr></tbody>
      <tbody class="error results-table-row">
        <tr>
          <td class="col-result">Error</td>
          <td class="col-name">tests/github/test_headers_page.py::TestsHeadersdPage::test_logout::setup</td>
          <td class="col-duration">5.58</td>
          <td class="col-links"></td></tr>
        <tr>
          <td class="extra" colspan="4">
            <div class="log">request = &lt;SubRequest &#x27;browser_webdriver&#x27; for &lt;Function test_logout&gt;&gt;<br/><br/>    @fixture(scope=&quot;function&quot;)<br/>    def browser_webdriver(request):<br/>        browser = request.config.getoption(&quot;--browser&quot;)<br/>&gt;       driver = DriverProvider.get_driver(browser)<br/><br/>conftest.py:67: <br/>_ _ _ _ _ _ _ _ _ _ _ _ _ _ _ _ _ _ _ _ _ _ _ _ _ _ _ _ _ _ _ _ _ _ _ _ _ _ _ _ <br/>src/providers/driver_provider/driver_provider.py:20: in get_driver<br/>    return cls.MAPPER.get(browser).get_driver()<br/>src/providers/driver_provider/library/chrome_browser.py:15: in get_driver<br/>    driver = webdriver.Chrome(service=service_obj, options=cls.options)<br/>/usr/local/lib/python3.11/site-packages/selenium/webdriver/chrome/webdriver.py:81: in __init__<br/>    super().__init__(<br/>/usr/local/lib/python3.11/site-packages/selenium/webdriver/chromium/webdriver.py:103: in __init__<br/>    self.service.start()<br/>/usr/local/lib/python3.11/site-packages/selenium/webdriver/common/service.py:106: in start<br/>    self.assert_process_still_running()<br/>_ _ _ _ _ _ _ _ _ _ _ _ _ _ _ _ _ _ _ _ _ _ _ _ _ _ _ _ _ _ _ _ _ _ _ _ _ _ _ _ <br/><br/>self = &lt;selenium.webdriver.chrome.service.Service object at 0x7f34752c3c50&gt;<br/><br/>    def assert_process_still_running(self) -&gt; None:<br/>        &quot;&quot;&quot;Check if the underlying process is still running.&quot;&quot;&quot;<br/>        return_code = self.process.poll()<br/>        if return_code:<br/>&gt;           raise WebDriverException(f&quot;Service {self.path} unexpectedly exited. Status code was: {return_code}&quot;)<br/><span class="error">E           selenium.common.exceptions.WebDriverException: Message: Service /root/.wdm/drivers/chromedriver/linux64/108.0.5359/chromedriver unexpectedly exited. Status code was: 127</span><br/><br/>/usr/local/lib/python3.11/site-packages/selenium/webdriver/common/service.py:119: WebDriverException<br/></div></td></tr></tbody>
      <tbody class="error results-table-row">
        <tr>
          <td class="col-result">Error</td>
          <td class="col-name">tests/github/test_home_page.py::TestsHomePage::test_sign_in_redirect::setup</td>
          <td class="col-duration">0.59</td>
          <td class="col-links"></td></tr>
        <tr>
          <td class="extra" colspan="4">
            <div class="log">request = &lt;SubRequest &#x27;browser_webdriver&#x27; for &lt;Function test_sign_in_redirect&gt;&gt;<br/><br/>    @fixture(scope=&quot;function&quot;)<br/>    def browser_webdriver(request):<br/>        browser = request.config.getoption(&quot;--browser&quot;)<br/>&gt;       driver = DriverProvider.get_driver(browser)<br/><br/>conftest.py:67: <br/>_ _ _ _ _ _ _ _ _ _ _ _ _ _ _ _ _ _ _ _ _ _ _ _ _ _ _ _ _ _ _ _ _ _ _ _ _ _ _ _ <br/>src/providers/driver_provider/driver_provider.py:20: in get_driver<br/>    return cls.MAPPER.get(browser).get_driver()<br/>src/providers/driver_provider/library/chrome_browser.py:15: in get_driver<br/>    driver = webdriver.Chrome(service=service_obj, options=cls.options)<br/>/usr/local/lib/python3.11/site-packages/selenium/webdriver/chrome/webdriver.py:81: in __init__<br/>    super().__init__(<br/>/usr/local/lib/python3.11/site-packages/selenium/webdriver/chromium/webdriver.py:103: in __init__<br/>    self.service.start()<br/>/usr/local/lib/python3.11/site-packages/selenium/webdriver/common/service.py:106: in start<br/>    self.assert_process_still_running()<br/>_ _ _ _ _ _ _ _ _ _ _ _ _ _ _ _ _ _ _ _ _ _ _ _ _ _ _ _ _ _ _ _ _ _ _ _ _ _ _ _ <br/><br/>self = &lt;selenium.webdriver.chrome.service.Service object at 0x7f3475123550&gt;<br/><br/>    def assert_process_still_running(self) -&gt; None:<br/>        &quot;&quot;&quot;Check if the underlying process is still running.&quot;&quot;&quot;<br/>        return_code = self.process.poll()<br/>        if return_code:<br/>&gt;           raise WebDriverException(f&quot;Service {self.path} unexpectedly exited. Status code was: {return_code}&quot;)<br/><span class="error">E           selenium.common.exceptions.WebDriverException: Message: Service /root/.wdm/drivers/chromedriver/linux64/108.0.5359/chromedriver unexpectedly exited. Status code was: 127</span><br/><br/>/usr/local/lib/python3.11/site-packages/selenium/webdriver/common/service.py:119: WebDriverException<br/> -----------------------------Captured stdout setup------------------------------ <br/>Configuration added
<br/></div></td></tr></tbody>
      <tbody class="error results-table-row">
        <tr>
          <td class="col-result">Error</td>
          <td class="col-name">tests/github/test_home_page.py::TestsHomePage::test_sing_up_redirect::setup</td>
          <td class="col-duration">0.59</td>
          <td class="col-links"></td></tr>
        <tr>
          <td class="extra" colspan="4">
            <div class="log">request = &lt;SubRequest &#x27;browser_webdriver&#x27; for &lt;Function test_sing_up_redirect&gt;&gt;<br/><br/>    @fixture(scope=&quot;function&quot;)<br/>    def browser_webdriver(request):<br/>        browser = request.config.getoption(&quot;--browser&quot;)<br/>&gt;       driver = DriverProvider.get_driver(browser)<br/><br/>conftest.py:67: <br/>_ _ _ _ _ _ _ _ _ _ _ _ _ _ _ _ _ _ _ _ _ _ _ _ _ _ _ _ _ _ _ _ _ _ _ _ _ _ _ _ <br/>src/providers/driver_provider/driver_provider.py:20: in get_driver<br/>    return cls.MAPPER.get(browser).get_driver()<br/>src/providers/driver_provider/library/chrome_browser.py:15: in get_driver<br/>    driver = webdriver.Chrome(service=service_obj, options=cls.options)<br/>/usr/local/lib/python3.11/site-packages/selenium/webdriver/chrome/webdriver.py:81: in __init__<br/>    super().__init__(<br/>/usr/local/lib/python3.11/site-packages/selenium/webdriver/chromium/webdriver.py:103: in __init__<br/>    self.service.start()<br/>/usr/local/lib/python3.11/site-packages/selenium/webdriver/common/service.py:106: in start<br/>    self.assert_process_still_running()<br/>_ _ _ _ _ _ _ _ _ _ _ _ _ _ _ _ _ _ _ _ _ _ _ _ _ _ _ _ _ _ _ _ _ _ _ _ _ _ _ _ <br/><br/>self = &lt;selenium.webdriver.chrome.service.Service object at 0x7f3475174e10&gt;<br/><br/>    def assert_process_still_running(self) -&gt; None:<br/>        &quot;&quot;&quot;Check if the underlying process is still running.&quot;&quot;&quot;<br/>        return_code = self.process.poll()<br/>        if return_code:<br/>&gt;           raise WebDriverException(f&quot;Service {self.path} unexpectedly exited. Status code was: {return_code}&quot;)<br/><span class="error">E           selenium.common.exceptions.WebDriverException: Message: Service /root/.wdm/drivers/chromedriver/linux64/108.0.5359/chromedriver unexpectedly exited. Status code was: 127</span><br/><br/>/usr/local/lib/python3.11/site-packages/selenium/webdriver/common/service.py:119: WebDriverException<br/></div></td></tr></tbody>
      <tbody class="error results-table-row">
        <tr>
          <td class="col-result">Error</td>
          <td class="col-name">tests/github/test_login_page.py::TestsLoginPage::test_login_positive::setup</td>
          <td class="col-duration">0.58</td>
          <td class="col-links"></td></tr>
        <tr>
          <td class="extra" colspan="4">
            <div class="log">request = &lt;SubRequest &#x27;browser_webdriver&#x27; for &lt;Function test_login_positive&gt;&gt;<br/><br/>    @fixture(scope=&quot;function&quot;)<br/>    def browser_webdriver(request):<br/>        browser = request.config.getoption(&quot;--browser&quot;)<br/>&gt;       driver = DriverProvider.get_driver(browser)<br/><br/>conftest.py:67: <br/>_ _ _ _ _ _ _ _ _ _ _ _ _ _ _ _ _ _ _ _ _ _ _ _ _ _ _ _ _ _ _ _ _ _ _ _ _ _ _ _ <br/>src/providers/driver_provider/driver_provider.py:20: in get_driver<br/>    return cls.MAPPER.get(browser).get_driver()<br/>src/providers/driver_provider/library/chrome_browser.py:15: in get_driver<br/>    driver = webdriver.Chrome(service=service_obj, options=cls.options)<br/>/usr/local/lib/python3.11/site-packages/selenium/webdriver/chrome/webdriver.py:81: in __init__<br/>    super().__init__(<br/>/usr/local/lib/python3.11/site-packages/selenium/webdriver/chromium/webdriver.py:103: in __init__<br/>    self.service.start()<br/>/usr/local/lib/python3.11/site-packages/selenium/webdriver/common/service.py:106: in start<br/>    self.assert_process_still_running()<br/>_ _ _ _ _ _ _ _ _ _ _ _ _ _ _ _ _ _ _ _ _ _ _ _ _ _ _ _ _ _ _ _ _ _ _ _ _ _ _ _ <br/><br/>self = &lt;selenium.webdriver.chrome.service.Service object at 0x7f3476c61650&gt;<br/><br/>    def assert_process_still_running(self) -&gt; None:<br/>        &quot;&quot;&quot;Check if the underlying process is still running.&quot;&quot;&quot;<br/>        return_code = self.process.poll()<br/>        if return_code:<br/>&gt;           raise WebDriverException(f&quot;Service {self.path} unexpectedly exited. Status code was: {return_code}&quot;)<br/><span class="error">E           selenium.common.exceptions.WebDriverException: Message: Service /root/.wdm/drivers/chromedriver/linux64/108.0.5359/chromedriver unexpectedly exited. Status code was: 127</span><br/><br/>/usr/local/lib/python3.11/site-packages/selenium/webdriver/common/service.py:119: WebDriverException<br/> -----------------------------Captured stdout setup------------------------------ <br/>Configuration added
<br/></div></td></tr></tbody>
      <tbody class="error results-table-row">
        <tr>
          <td class="col-result">Error</td>
          <td class="col-name">tests/github/test_login_page.py::TestsLoginPage::test_login_negative::setup</td>
          <td class="col-duration">0.58</td>
          <td class="col-links"></td></tr>
        <tr>
          <td class="extra" colspan="4">
            <div class="log">request = &lt;SubRequest &#x27;browser_webdriver&#x27; for &lt;Function test_login_negative&gt;&gt;<br/><br/>    @fixture(scope=&quot;function&quot;)<br/>    def browser_webdriver(request):<br/>        browser = request.config.getoption(&quot;--browser&quot;)<br/>&gt;       driver = DriverProvider.get_driver(browser)<br/><br/>conftest.py:67: <br/>_ _ _ _ _ _ _ _ _ _ _ _ _ _ _ _ _ _ _ _ _ _ _ _ _ _ _ _ _ _ _ _ _ _ _ _ _ _ _ _ <br/>src/providers/driver_provider/driver_provider.py:20: in get_driver<br/>    return cls.MAPPER.get(browser).get_driver()<br/>src/providers/driver_provider/library/chrome_browser.py:15: in get_driver<br/>    driver = webdriver.Chrome(service=service_obj, options=cls.options)<br/>/usr/local/lib/python3.11/site-packages/selenium/webdriver/chrome/webdriver.py:81: in __init__<br/>    super().__init__(<br/>/usr/local/lib/python3.11/site-packages/selenium/webdriver/chromium/webdriver.py:103: in __init__<br/>    self.service.start()<br/>/usr/local/lib/python3.11/site-packages/selenium/webdriver/common/service.py:106: in start<br/>    self.assert_process_still_running()<br/>_ _ _ _ _ _ _ _ _ _ _ _ _ _ _ _ _ _ _ _ _ _ _ _ _ _ _ _ _ _ _ _ _ _ _ _ _ _ _ _ <br/><br/>self = &lt;selenium.webdriver.chrome.service.Service object at 0x7f3475121f10&gt;<br/><br/>    def assert_process_still_running(self) -&gt; None:<br/>        &quot;&quot;&quot;Check if the underlying process is still running.&quot;&quot;&quot;<br/>        return_code = self.process.poll()<br/>        if return_code:<br/>&gt;           raise WebDriverException(f&quot;Service {self.path} unexpectedly exited. Status code was: {return_code}&quot;)<br/><span class="error">E           selenium.common.exceptions.WebDriverException: Message: Service /root/.wdm/drivers/chromedriver/linux64/108.0.5359/chromedriver unexpectedly exited. Status code was: 127</span><br/><br/>/usr/local/lib/python3.11/site-packages/selenium/webdriver/common/service.py:119: WebDriverException<br/></div></td></tr></tbody>
      <tbody class="error results-table-row">
        <tr>
          <td class="col-result">Error</td>
          <td class="col-name">tests/github/test_login_page.py::TestsLoginPage::test_forgot_password_redirect::setup</td>
          <td class="col-duration">0.59</td>
          <td class="col-links"></td></tr>
        <tr>
          <td class="extra" colspan="4">
            <div class="log">request = &lt;SubRequest &#x27;browser_webdriver&#x27; for &lt;Function test_forgot_password_redirect&gt;&gt;<br/><br/>    @fixture(scope=&quot;function&quot;)<br/>    def browser_webdriver(request):<br/>        browser = request.config.getoption(&quot;--browser&quot;)<br/>&gt;       driver = DriverProvider.get_driver(browser)<br/><br/>conftest.py:67: <br/>_ _ _ _ _ _ _ _ _ _ _ _ _ _ _ _ _ _ _ _ _ _ _ _ _ _ _ _ _ _ _ _ _ _ _ _ _ _ _ _ <br/>src/providers/driver_provider/driver_provider.py:20: in get_driver<br/>    return cls.MAPPER.get(browser).get_driver()<br/>src/providers/driver_provider/library/chrome_browser.py:15: in get_driver<br/>    driver = webdriver.Chrome(service=service_obj, options=cls.options)<br/>/usr/local/lib/python3.11/site-packages/selenium/webdriver/chrome/webdriver.py:81: in __init__<br/>    super().__init__(<br/>/usr/local/lib/python3.11/site-packages/selenium/webdriver/chromium/webdriver.py:103: in __init__<br/>    self.service.start()<br/>/usr/local/lib/python3.11/site-packages/selenium/webdriver/common/service.py:106: in start<br/>    self.assert_process_still_running()<br/>_ _ _ _ _ _ _ _ _ _ _ _ _ _ _ _ _ _ _ _ _ _ _ _ _ _ _ _ _ _ _ _ _ _ _ _ _ _ _ _ <br/><br/>self = &lt;selenium.webdriver.chrome.service.Service object at 0x7f347514b3d0&gt;<br/><br/>    def assert_process_still_running(self) -&gt; None:<br/>        &quot;&quot;&quot;Check if the underlying process is still running.&quot;&quot;&quot;<br/>        return_code = self.process.poll()<br/>        if return_code:<br/>&gt;           raise WebDriverException(f&quot;Service {self.path} unexpectedly exited. Status code was: {return_code}&quot;)<br/><span class="error">E           selenium.common.exceptions.WebDriverException: Message: Service /root/.wdm/drivers/chromedriver/linux64/108.0.5359/chromedriver unexpectedly exited. Status code was: 127</span><br/><br/>/usr/local/lib/python3.11/site-packages/selenium/webdriver/common/service.py:119: WebDriverException<br/></div></td></tr></tbody>
      <tbody class="skipped results-table-row">
        <tr>
          <td class="col-result">Skipped</td>
          <td class="col-name">tests/test_fixtures.py::TestsFixtures::test_check_base_url</td>
          <td class="col-duration">0.00</td>
          <td class="col-links"></td></tr>
        <tr>
          <td class="extra" colspan="4">
            <div class="log">(&#x27;/code/tests/test_fixtures.py&#x27;, 10, &#x27;Skipped: temporary disabled&#x27;)<br/></div></td></tr></tbody>
      <tbody class="skipped results-table-row">
        <tr>
          <td class="col-result">Skipped</td>
          <td class="col-name">tests/test_fixtures.py::TestsFixtures::test_check_user[John-Smith-J.Smith]</td>
          <td class="col-duration">0.00</td>
          <td class="col-links"></td></tr>
        <tr>
          <td class="extra" colspan="4">
            <div class="log">(&#x27;/code/tests/test_fixtures.py&#x27;, 13, &#x27;Skipped: temporary disabled&#x27;)<br/></div></td></tr></tbody>
      <tbody class="skipped results-table-row">
        <tr>
          <td class="col-result">Skipped</td>
          <td class="col-name">tests/test_fixtures.py::TestsFixtures::test_check_user[Eve-Json-E.Json]</td>
          <td class="col-duration">0.00</td>
          <td class="col-links"></td></tr>
        <tr>
          <td class="extra" colspan="4">
            <div class="log">(&#x27;/code/tests/test_fixtures.py&#x27;, 13, &#x27;Skipped: temporary disabled&#x27;)<br/></div></td></tr></tbody>
      <tbody class="skipped results-table-row">
        <tr>
          <td class="col-result">Skipped</td>
          <td class="col-name">tests/test_fixtures.py::TestsFixtures::test_password_generator[John-Smith-J.Smith]</td>
          <td class="col-duration">0.00</td>
          <td class="col-links"></td></tr>
        <tr>
          <td class="extra" colspan="4">
            <div class="log">(&#x27;/code/tests/test_fixtures.py&#x27;, 22, &#x27;Skipped: temporary disabled&#x27;)<br/></div></td></tr></tbody>
      <tbody class="passed results-table-row">
        <tr>
          <td class="col-result">Passed</td>
          <td class="col-name">tests/test_trello_api.py::TestsTrelloAPI::test_check_status_code</td>
          <td class="col-duration">0.29</td>
          <td class="col-links"></td></tr>
        <tr>
          <td class="extra" colspan="4">
            <div class="log"> -----------------------------Captured stdout setup------------------------------ <br/>Configuration added
<br/></div></td></tr></tbody>
      <tbody class="passed results-table-row">
        <tr>
          <td class="col-result">Passed</td>
          <td class="col-name">tests/test_trello_api.py::TestsTrelloAPI::test_check_headers[Content-Type-application/json; charset=utf-8]</td>
          <td class="col-duration">0.30</td>
          <td class="col-links"></td></tr>
        <tr>
          <td class="extra" colspan="4">
            <div class="empty log">No log output captured.</div></td></tr></tbody>
      <tbody class="passed results-table-row">
        <tr>
          <td class="col-result">Passed</td>
          <td class="col-name">tests/test_trello_api.py::TestsTrelloAPI::test_check_headers[Content-Encoding-gzip]</td>
          <td class="col-duration">0.33</td>
          <td class="col-links"></td></tr>
        <tr>
          <td class="extra" colspan="4">
            <div class="empty log">No log output captured.</div></td></tr></tbody>
      <tbody class="passed results-table-row">
        <tr>
          <td class="col-result">Passed</td>
          <td class="col-name">tests/test_trello_api.py::TestsTrelloAPI::test_get_board</td>
          <td class="col-duration">0.25</td>
          <td class="col-links"></td></tr>
        <tr>
          <td class="extra" colspan="4">
            <div class="empty log">No log output captured.</div></td></tr></tbody>
      <tbody class="passed results-table-row">
        <tr>
          <td class="col-result">Passed</td>
          <td class="col-name">tests/test_trello_api.py::TestsTrelloAPI::test_create_new_list</td>
          <td class="col-duration">2.25</td>
          <td class="col-links"></td></tr>
        <tr>
          <td class="extra" colspan="4">
            <div class="empty log">No log output captured.</div></td></tr></tbody></table></body></html>